2022-06-20T11:51:43.628Z info: Loading proto...
2022-06-20T11:51:43.757Z info: Creating tables...
2022-06-20T11:51:43.767Z info: Create websocket server...
2022-06-20T11:51:43.768Z info: Starting server...
2022-06-20T11:52:16.805Z info: Loading proto...
2022-06-20T11:52:16.928Z info: Creating tables...
2022-06-20T11:52:16.934Z info: Create websocket server...
2022-06-20T11:52:16.937Z info: Server started on port 8999
2022-06-20T11:53:10.059Z info: Loading proto...
2022-06-20T11:53:10.186Z info: Creating tables...
2022-06-20T11:53:10.193Z info: Create websocket server...
2022-06-20T11:53:10.195Z info: Server started on port 8999
2022-06-20T12:20:42.365Z info: Loading proto...
2022-06-20T12:20:42.498Z info: Creating tables...
2022-06-20T12:20:42.505Z info: Create websocket server...
2022-06-20T12:20:42.507Z info: Server started on port 8999
2022-06-20T13:00:23.363Z info: Loading proto...
2022-06-20T13:00:23.488Z info: Creating tables...
2022-06-20T13:00:23.495Z info: Create websocket server...
2022-06-20T13:00:23.498Z info: Server started on port 8999
2022-06-20T13:01:51.405Z info: Loading proto...
2022-06-20T13:01:51.535Z info: Creating tables...
2022-06-20T13:01:51.542Z info: Create websocket server...
2022-06-20T13:01:51.545Z info: Server started on port 8999
2022-06-20T13:03:18.622Z info: Loading proto...
2022-06-20T13:03:18.747Z info: Creating tables...
2022-06-20T13:03:18.754Z info: Create websocket server...
2022-06-20T13:03:18.757Z info: Server started on port 8999
2022-06-20T14:12:17.571Z info: Loading proto...
2022-06-20T14:12:17.896Z info: Creating tables...
2022-06-20T14:12:17.903Z info: Create websocket server...
2022-06-20T14:12:17.905Z info: Server started on port 8999
2022-06-20T14:12:49.171Z info: Loading proto...
2022-06-20T14:12:49.459Z info: Creating tables...
2022-06-20T14:12:49.466Z info: Create websocket server...
2022-06-20T14:12:49.469Z info: Server started on port 8999
2022-06-20T14:13:24.248Z info: Loading proto...
2022-06-20T14:13:24.515Z info: Creating tables...
2022-06-20T14:13:24.522Z info: Create websocket server...
2022-06-20T14:13:24.524Z info: Server started on port 8999
2022-06-20T14:17:11.615Z info: Loading proto...
2022-06-20T14:17:11.736Z info: Creating tables...
2022-06-20T14:17:11.743Z info: Create websocket server...
2022-06-20T14:17:11.745Z info: Server started on port 8999
2022-06-20T14:18:49.849Z info: Loading proto...
2022-06-20T14:18:50.670Z info: Creating tables...
2022-06-20T14:18:50.678Z info: Create websocket server...
2022-06-20T14:18:50.680Z info: Server started on port 8999
2022-06-20T14:21:57.848Z info: Loading proto...
2022-06-20T14:21:57.995Z info: Creating tables...
2022-06-20T14:21:58.002Z info: Create websocket server...
2022-06-20T14:21:58.004Z info: Server started on port 8999
2022-06-20T14:27:28.452Z info: Loading proto...
2022-06-20T14:27:28.578Z info: Creating tables...
2022-06-20T14:27:28.585Z info: Create websocket server...
2022-06-20T14:27:28.587Z info: Server started on port 8999
2022-06-20T14:28:18.794Z info: Loading proto...
2022-06-20T14:28:18.908Z info: Creating tables...
2022-06-20T14:28:18.916Z info: Create websocket server...
2022-06-20T14:28:18.919Z info: Server started on port 8999
2022-06-20T14:29:17.078Z info: Loading proto...
2022-06-20T14:29:17.565Z info: Creating tables...
2022-06-20T14:29:17.572Z info: Create websocket server...
2022-06-20T14:29:17.576Z info: Server started on port 8999
2022-06-20T14:31:15.509Z info: Loading proto...
2022-06-20T14:31:15.992Z info: Creating tables...
2022-06-20T14:31:15.999Z info: Create websocket server...
2022-06-20T14:31:16.002Z info: Server started on port 8999
2022-06-20T14:34:05.847Z info: Loading proto...
2022-06-20T14:34:05.961Z info: Creating tables...
2022-06-20T14:34:05.968Z info: Create websocket server...
2022-06-20T14:34:05.970Z info: Server started on port 8999
2022-06-20T14:34:26.635Z info: Loading proto...
2022-06-20T14:34:27.220Z info: Creating tables...
2022-06-20T14:34:27.227Z info: Create websocket server...
2022-06-20T14:34:27.230Z info: Server started on port 8999
2022-06-20T14:36:03.309Z info: Loading proto...
2022-06-20T14:36:03.425Z info: Creating tables...
2022-06-20T14:36:03.432Z info: Create websocket server...
2022-06-20T14:36:03.434Z info: Server started on port 8999
2022-06-20T14:36:41.703Z info: Loading proto...
2022-06-20T14:36:41.814Z info: Creating tables...
2022-06-20T14:36:41.821Z info: Create websocket server...
2022-06-20T14:36:41.824Z info: Server started on port 8999
2022-06-20T14:41:09.670Z info: Loading proto...
2022-06-20T14:41:09.782Z info: Creating tables...
2022-06-20T14:41:09.789Z info: Create websocket server...
2022-06-20T14:41:09.792Z info: Server started on port 8999
2022-06-20T14:41:23.103Z info: Loading proto...
2022-06-20T14:41:23.608Z info: Creating tables...
2022-06-20T14:41:23.615Z info: Create websocket server...
2022-06-20T14:41:23.617Z info: Server started on port 8999
2022-06-20T14:42:24.633Z info: Loading proto...
2022-06-20T14:42:24.750Z info: Creating tables...
2022-06-20T14:42:24.757Z info: Create websocket server...
2022-06-20T14:42:24.760Z info: Server started on port 8999
2022-06-20T14:45:43.723Z info: Loading proto...
2022-06-20T14:45:43.839Z info: Creating tables...
2022-06-20T14:45:43.846Z info: Create websocket server...
2022-06-20T14:45:43.849Z info: Server started on port 8999
2022-06-20T14:45:49.083Z info: Client 0x3bbacf160c0fb4d9cd212c5ba0442707db6c399c connected
2022-06-20T14:46:11.677Z info: Loading proto...
2022-06-20T14:46:11.789Z info: Creating tables...
2022-06-20T14:46:11.796Z info: Create websocket server...
2022-06-20T14:46:11.798Z info: Server started on port 8999
2022-06-20T14:46:15.304Z info: Client 0x3bbacf160c0fb4d9cd212c5ba0442707db6c399c connected
2022-06-20T14:47:37.510Z info: Loading proto...
2022-06-20T14:47:37.628Z info: Creating tables...
2022-06-20T14:47:37.634Z info: Create websocket server...
2022-06-20T14:47:37.637Z info: Server started on port 8999
2022-06-20T14:47:42.823Z info: Loading proto...
2022-06-20T14:47:42.935Z info: Creating tables...
2022-06-20T14:47:42.942Z info: Create websocket server...
2022-06-20T14:47:42.944Z info: Server started on port 8999
2022-06-20T14:47:47.607Z info: Client 0x3bbacf160c0fb4d9cd212c5ba0442707db6c399c connected
2022-06-20T14:48:48.006Z info: Loading proto...
2022-06-20T14:48:48.119Z info: Creating tables...
2022-06-20T14:48:48.126Z info: Create websocket server...
2022-06-20T14:48:48.128Z info: Server started on port 8999
2022-06-20T14:48:53.182Z info: Client 0x3bbacf160c0fb4d9cd212c5ba0442707db6c399c connected
2022-06-20T14:48:53.194Z error: type: enum value expected
2022-06-20T14:49:50.318Z info: Loading proto...
2022-06-20T14:49:53.205Z info: Loading proto...
2022-06-20T14:49:53.320Z info: Creating tables...
2022-06-20T14:49:53.327Z info: Create websocket server...
2022-06-20T14:49:53.329Z info: Server started on port 8999
2022-06-20T14:49:56.266Z info: Client 0x3bbacf160c0fb4d9cd212c5ba0442707db6c399c connected
2022-06-20T14:49:56.276Z error: type: enum value expected
2022-06-20T14:51:08.063Z info: Loading proto...
2022-06-20T14:51:08.189Z info: Creating tables...
2022-06-20T14:51:08.196Z info: Create websocket server...
2022-06-20T14:51:08.198Z info: Server started on port 8999
2022-06-20T14:51:26.268Z info: Loading proto...
2022-06-20T14:51:26.382Z info: Creating tables...
2022-06-20T14:51:26.389Z info: Create websocket server...
2022-06-20T14:51:26.392Z info: Server started on port 8999
2022-06-20T14:51:29.300Z info: Client 0x3bbacf160c0fb4d9cd212c5ba0442707db6c399c connected
2022-06-20T14:52:09.870Z info: Loading proto...
2022-06-20T14:52:10.351Z info: Creating tables...
2022-06-20T14:52:10.358Z info: Create websocket server...
2022-06-20T14:52:10.361Z info: Server started on port 8999
2022-06-20T14:52:18.216Z info: Loading proto...
2022-06-20T14:52:18.329Z info: Creating tables...
2022-06-20T14:52:18.336Z info: Create websocket server...
2022-06-20T14:52:18.338Z info: Server started on port 8999
2022-06-20T14:52:22.187Z info: Client 0x3bbacf160c0fb4d9cd212c5ba0442707db6c399c connected
2022-06-20T14:53:42.934Z info: Client 0x3bbacf160c0fb4d9cd212c5ba0442707db6c399c connected
2022-06-20T14:54:22.384Z info: Client 0x3bbacf160c0fb4d9cd212c5ba0442707db6c399c connected
2022-06-20T14:54:54.661Z info: Client 0x3bbacf160c0fb4d9cd212c5ba0442707db6c399c connected
2022-06-20T15:00:05.082Z info: Client 0x3bbacf160c0fb4d9cd212c5ba0442707db6c399c connected
2022-06-20T15:00:08.923Z info: Client 0x3bbacf160c0fb4d9cd212c5ba0442707db6c399c connected
2022-06-20T15:00:24.924Z info: Client 0x3bbacf160c0fb4d9cd212c5ba0442707db6c399c connected
2022-06-20T15:00:33.821Z info: Client 0x3bbacf160c0fb4d9cd212c5ba0442707db6c399c connected
2022-06-20T15:02:33.666Z info: Client 0x3bbacf160c0fb4d9cd212c5ba0442707db6c399c connected
2022-06-20T15:03:02.304Z info: Client 0x3bbacf160c0fb4d9cd212c5ba0442707db6c399c connected
2022-06-20T15:04:49.653Z info: Client 0x3bbacf160c0fb4d9cd212c5ba0442707db6c399c connected
2022-06-20T15:04:54.303Z info: Client 0x3bbacf160c0fb4d9cd212c5ba0442707db6c399c connected
2022-06-20T15:05:26.718Z info: Client 0x3bbacf160c0fb4d9cd212c5ba0442707db6c399c connected
2022-06-20T15:05:37.669Z info: Client 0x3bbacf160c0fb4d9cd212c5ba0442707db6c399c connected
2022-06-20T15:50:17.622Z info: Loading proto...
2022-06-20T15:50:17.742Z info: Creating tables...
2022-06-20T15:50:17.749Z info: Create websocket server...
2022-06-20T15:50:17.752Z info: Server started on port 8999
2022-06-20T15:52:54.189Z info: Client 0x3bbacf160c0fb4d9cd212c5ba0442707db6c399c connected
2022-06-20T15:53:33.990Z info: Client 0x3bbacf160c0fb4d9cd212c5ba0442707db6c399c connected
2022-06-20T15:54:58.696Z info: Client 0x3bbacf160c0fb4d9cd212c5ba0442707db6c399c connected
2022-06-20T15:55:10.083Z info: Client 0x3bbacf160c0fb4d9cd212c5ba0442707db6c399c connected
2022-06-20T15:58:20.545Z info: Client 0x3bbacf160c0fb4d9cd212c5ba0442707db6c399c connected
2022-06-20T15:59:33.427Z info: Client 0x3bbacf160c0fb4d9cd212c5ba0442707db6c399c connected
2022-06-20T16:00:06.736Z info: Client 0x3bbacf160c0fb4d9cd212c5ba0442707db6c399c connected
2022-06-20T16:00:48.790Z info: Client 0x3bbacf160c0fb4d9cd212c5ba0442707db6c399c connected
2022-06-20T16:00:54.137Z info: Client 0x3bbacf160c0fb4d9cd212c5ba0442707db6c399c connected
2022-06-20T16:01:02.486Z info: Client 0x3bbacf160c0fb4d9cd212c5ba0442707db6c399c connected
2022-06-20T16:01:23.259Z info: Client 0x3bbacf160c0fb4d9cd212c5ba0442707db6c399c connected
2022-06-20T16:01:35.912Z info: Client 0x3bbacf160c0fb4d9cd212c5ba0442707db6c399c connected
2022-06-20T16:01:43.140Z info: Client 0x3bbacf160c0fb4d9cd212c5ba0442707db6c399c connected
2022-06-20T16:01:50.400Z info: Client 0x3bbacf160c0fb4d9cd212c5ba0442707db6c399c connected
2022-06-20T16:02:01.219Z info: Client 0x3bbacf160c0fb4d9cd212c5ba0442707db6c399c connected
2022-06-20T16:02:22.392Z info: Client 0x3bbacf160c0fb4d9cd212c5ba0442707db6c399c connected
2022-06-20T16:02:50.667Z info: Client 0x3bbacf160c0fb4d9cd212c5ba0442707db6c399c connected
2022-06-20T16:02:58.654Z info: Client 0x3bbacf160c0fb4d9cd212c5ba0442707db6c399c connected
2022-06-20T16:03:07.118Z info: Client 0x3bbacf160c0fb4d9cd212c5ba0442707db6c399c connected
2022-06-20T16:03:22.610Z info: Client 0x3bbacf160c0fb4d9cd212c5ba0442707db6c399c connected
2022-06-20T16:03:29.246Z info: Client 0x3bbacf160c0fb4d9cd212c5ba0442707db6c399c connected
2022-06-20T16:04:40.296Z info: Client 0x3bbacf160c0fb4d9cd212c5ba0442707db6c399c connected
2022-06-20T16:04:57.311Z info: Client 0x3bbacf160c0fb4d9cd212c5ba0442707db6c399c connected
2022-06-20T16:17:01.776Z info: Client 0x3bbacf160c0fb4d9cd212c5ba0442707db6c399c connected
